[2018-02-15 21:13:04] Текст ошибки: Cannot declare class fw\core\ErrorHandler, because the name is already in use | Файл: C:\OpenServer\domains\Shop-Nix\vendor\fw\core\ErrorHandler.php, | Строка: 5
==========================
[2018-02-15 21:20:46] Текст ошибки: Метод <b>app\controllers\PostController::ererAction</b> не найден | Файл: C:\OpenServer\domains\Shop-Nix\vendor\fw\core\Router.php, | Строка: 67
==========================
[2018-02-15 21:21:24] Текст ошибки: Метод <b>app\controllers\PostController::ererAction</b> не найден | Файл: C:\OpenServer\domains\Shop-Nix\vendor\fw\core\Router.php, | Строка: 67
==========================
[2018-02-15 21:21:38] Текст ошибки: Контроллер <b>app\controllers\WwController</b> не найден | Файл: C:\OpenServer\domains\Shop-Nix\vendor\fw\core\Router.php, | Строка: 70
==========================
[2018-02-15 21:22:05] Текст ошибки: Контроллер <b>app\controllers\WweController</b> не найден | Файл: C:\OpenServer\domains\Shop-Nix\vendor\fw\core\Router.php, | Строка: 70
==========================
[2018-02-15 21:22:09] Текст ошибки: Страница не найдена | Файл: C:\OpenServer\domains\Shop-Nix\vendor\fw\core\Router.php, | Строка: 74
==========================
[2018-02-15 21:22:24] Текст ошибки: Метод <b>app\controllers\PostController::postAction</b> не найден | Файл: C:\OpenServer\domains\Shop-Nix\vendor\fw\core\Router.php, | Строка: 67
==========================
[2018-02-15 21:23:59] Текст ошибки: Метод <b>app\controllers\PostController::postAction</b> не найден | Файл: C:\OpenServer\domains\Shop-Nix\vendor\fw\core\Router.php, | Строка: 67
==========================
[2018-02-15 21:24:01] Текст ошибки: Метод <b>app\controllers\PostController::postAction</b> не найден | Файл: C:\OpenServer\domains\Shop-Nix\vendor\fw\core\Router.php, | Строка: 67
==========================
[2018-02-15 21:24:07] Текст ошибки: Страница не найдена | Файл: C:\OpenServer\domains\Shop-Nix\vendor\fw\core\Router.php, | Строка: 74
==========================
[2018-02-15 21:41:22] Текст ошибки: Страница не найдена | Файл: C:\OpenServer\domains\Shop-Nix\vendor\fw\core\Router.php, | Строка: 73
==========================
[2018-02-15 21:41:32] Текст ошибки: syntax error, unexpected '$product_new' (T_VARIABLE) | Файл: C:\OpenServer\domains\Shop-Nix\app\controllers\MainController.php, | Строка: 13
==========================
[2018-02-15 21:42:55] Текст ошибки: Страница не найдена | Файл: C:\OpenServer\domains\Shop-Nix\vendor\fw\core\Router.php, | Строка: 73
==========================
[2018-02-15 21:43:42] Текст ошибки: Страница не найдена | Файл: C:\OpenServer\domains\Shop-Nix\vendor\fw\core\Router.php, | Строка: 73
==========================
[2018-02-15 21:44:23] Текст ошибки: Страница не найдена | Файл: C:\OpenServer\domains\Shop-Nix\vendor\fw\core\Router.php, | Строка: 73
==========================
[2018-02-15 21:45:53] Текст ошибки: Страница не найдена | Файл: C:\OpenServer\domains\Shop-Nix\vendor\fw\core\Router.php, | Строка: 72
==========================
[2018-02-15 21:46:33] Текст ошибки: Страница не найдена | Файл: C:\OpenServer\domains\Shop-Nix\vendor\fw\core\Router.php, | Строка: 73
==========================
[2018-02-15 21:46:34] Текст ошибки: Страница не найдена | Файл: C:\OpenServer\domains\Shop-Nix\vendor\fw\core\Router.php, | Строка: 73
==========================
[2018-02-15 21:47:22] Текст ошибки: Страница не найдена | Файл: C:\OpenServer\domains\Shop-Nix\vendor\fw\core\Router.php, | Строка: 75
==========================
[2018-02-15 21:47:23] Текст ошибки: Страница не найдена | Файл: C:\OpenServer\domains\Shop-Nix\vendor\fw\core\Router.php, | Строка: 75
==========================
[2018-02-15 21:47:24] Текст ошибки: Страница не найдена | Файл: C:\OpenServer\domains\Shop-Nix\vendor\fw\core\Router.php, | Строка: 75
==========================
[2018-02-15 21:47:25] Текст ошибки: Страница не найдена | Файл: C:\OpenServer\domains\Shop-Nix\vendor\fw\core\Router.php, | Строка: 75
==========================
[2018-02-15 21:47:32] Текст ошибки: Страница не найдена | Файл: C:\OpenServer\domains\Shop-Nix\vendor\fw\core\Router.php, | Строка: 73
==========================
[2018-02-15 21:47:43] Текст ошибки: Страница не найдена | Файл: C:\OpenServer\domains\Shop-Nix\vendor\fw\core\Router.php, | Строка: 73
==========================
[2018-02-16 10:58:43] Текст ошибки: Страница не найдена | Файл: C:\OpenServer\domains\Shop-Nix\vendor\fw\core\Router.php, | Строка: 73
==========================
[2018-02-16 11:18:46] Текст ошибки: Контроллер <b>app\controllers\TestController</b> не найден | Файл: C:\OpenServer\domains\Shop-Nix\vendor\fw\core\Router.php, | Строка: 70
==========================
[2018-02-16 11:18:55] Текст ошибки: Страница не найдена | Файл: C:\OpenServer\domains\Shop-Nix\vendor\fw\core\Router.php, | Строка: 73
==========================
[2018-02-16 11:19:31] Текст ошибки: Страница не найдена | Файл: C:\OpenServer\domains\Shop-Nix\vendor\fw\core\Router.php, | Строка: 73
==========================
[2018-02-16 11:19:50] Текст ошибки: Страница не найдена | Файл: C:\OpenServer\domains\Shop-Nix\vendor\fw\core\Router.php, | Строка: 73
==========================
[2018-02-16 11:41:07] Текст ошибки: A session had already been started - ignoring session_start() | Файл: C:\OpenServer\domains\Shop-Nix\vendor\fw\core\Session.php, | Строка: 9
==========================
[2018-02-16 11:41:23] Текст ошибки: Страница не найдена | Файл: C:\OpenServer\domains\Shop-Nix\vendor\fw\core\Router.php, | Строка: 72
==========================
[2018-02-16 11:41:38] Текст ошибки: Страница не найдена | Файл: C:\OpenServer\domains\Shop-Nix\vendor\fw\core\Router.php, | Строка: 72
==========================
[2018-02-16 11:41:39] Текст ошибки: Страница не найдена | Файл: C:\OpenServer\domains\Shop-Nix\vendor\fw\core\Router.php, | Строка: 72
==========================
[2018-02-16 11:41:58] Текст ошибки: Страница не найдена | Файл: C:\OpenServer\domains\Shop-Nix\vendor\fw\core\Router.php, | Строка: 72
==========================
[2018-02-16 11:41:59] Текст ошибки: Страница не найдена | Файл: C:\OpenServer\domains\Shop-Nix\vendor\fw\core\Router.php, | Строка: 72
==========================
[2018-02-16 11:42:11] Текст ошибки: Страница не найдена | Файл: C:\OpenServer\domains\Shop-Nix\vendor\fw\core\Router.php, | Строка: 72
==========================
[2018-02-16 11:42:16] Текст ошибки: A session had already been started - ignoring session_start() | Файл: C:\OpenServer\domains\Shop-Nix\vendor\fw\core\Session.php, | Строка: 9
==========================
[2018-02-16 11:42:32] Текст ошибки: A session had already been started - ignoring session_start() | Файл: C:\OpenServer\domains\Shop-Nix\vendor\fw\core\Session.php, | Строка: 9
==========================
[2018-02-16 11:42:50] Текст ошибки: A session had already been started - ignoring session_start() | Файл: C:\OpenServer\domains\Shop-Nix\vendor\fw\core\Session.php, | Строка: 9
==========================
[2018-02-16 11:42:52] Текст ошибки: A session had already been started - ignoring session_start() | Файл: C:\OpenServer\domains\Shop-Nix\vendor\fw\core\Session.php, | Строка: 9
==========================
[2018-02-16 11:43:09] Текст ошибки: Страница не найдена | Файл: C:\OpenServer\domains\Shop-Nix\vendor\fw\core\Router.php, | Строка: 73
==========================
[2018-02-16 11:43:33] Текст ошибки: Страница не найдена | Файл: C:\OpenServer\domains\Shop-Nix\vendor\fw\core\Router.php, | Строка: 73
==========================
[2018-02-16 11:43:45] Текст ошибки: Страница не найдена | Файл: C:\OpenServer\domains\Shop-Nix\vendor\fw\core\Router.php, | Строка: 73
==========================
[2018-02-16 11:44:12] Текст ошибки: Страница не найдена | Файл: C:\OpenServer\domains\Shop-Nix\vendor\fw\core\Router.php, | Строка: 73
==========================
[2018-02-16 11:44:13] Текст ошибки: Страница не найдена | Файл: C:\OpenServer\domains\Shop-Nix\vendor\fw\core\Router.php, | Строка: 73
==========================
[2018-02-16 11:44:14] Текст ошибки: Страница не найдена | Файл: C:\OpenServer\domains\Shop-Nix\vendor\fw\core\Router.php, | Строка: 73
==========================
[2018-02-16 11:44:50] Текст ошибки: Страница не найдена | Файл: C:\OpenServer\domains\Shop-Nix\vendor\fw\core\Router.php, | Строка: 73
==========================
[2018-02-16 11:45:06] Текст ошибки: Страница не найдена | Файл: C:\OpenServer\domains\Shop-Nix\vendor\fw\core\Router.php, | Строка: 73
==========================
[2018-02-16 11:45:21] Текст ошибки: Страница не найдена | Файл: C:\OpenServer\domains\Shop-Nix\vendor\fw\core\Router.php, | Строка: 73
==========================
[2018-02-16 11:45:22] Текст ошибки: Страница не найдена | Файл: C:\OpenServer\domains\Shop-Nix\vendor\fw\core\Router.php, | Строка: 73
==========================
[2018-02-16 11:46:20] Текст ошибки: Контроллер <b>app\controllers\PageController</b> не найден | Файл: C:\OpenServer\domains\Shop-Nix\vendor\fw\core\Router.php, | Строка: 70
==========================
[2018-02-16 11:47:15] Текст ошибки: Страница не найдена | Файл: C:\OpenServer\domains\Shop-Nix\vendor\fw\core\Router.php, | Строка: 73
==========================
[2018-02-16 11:47:23] Текст ошибки: Страница не найдена | Файл: C:\OpenServer\domains\Shop-Nix\vendor\fw\core\Router.php, | Строка: 73
==========================
[2018-02-16 11:47:27] Текст ошибки: Страница не найдена | Файл: C:\OpenServer\domains\Shop-Nix\vendor\fw\core\Router.php, | Строка: 73
==========================
[2018-02-16 11:56:07] Текст ошибки: Страница не найдена | Файл: C:\OpenServer\domains\Shop-Nix\app\controllers\PostController.php, | Строка: 23
==========================
[2018-02-16 11:56:17] Текст ошибки: Страница не найдена | Файл: C:\OpenServer\domains\Shop-Nix\app\controllers\PostController.php, | Строка: 23
==========================
[2018-02-16 11:56:53] Текст ошибки: Страница не найдена | Файл: C:\OpenServer\domains\Shop-Nix\vendor\fw\libs\functions.php, | Строка: 4
==========================
[2018-02-16 11:56:58] Текст ошибки: Страница не найдена | Файл: C:\OpenServer\domains\Shop-Nix\vendor\fw\libs\functions.php, | Строка: 4
==========================
[2018-02-16 12:01:22] Текст ошибки: Страница не найдена | Файл: C:\OpenServer\domains\Shop-Nix\vendor\fw\libs\functions.php, | Строка: 7
==========================
[2018-02-16 12:01:54] Текст ошибки: Страница не найдена | Файл: C:\OpenServer\domains\Shop-Nix\vendor\fw\libs\functions.php, | Строка: 7
==========================
